<?xml version='1.0' encoding='UTF-8'?>
<testsuite hostname="Srivatsas-MacBook-Air.local" name="wuzzyfuzz.WuzzyFuzzTests" tests="30" errors="0" failures="0" skipped="0" time="0.038" timestamp="2024-11-28T16:17:35">
          <properties>
      <property name="java.specification.version" value="21"/><property name="sun.jnu.encoding" value="UTF-8"/><property name="sun.arch.data.model" value="64"/><property name="java.vendor.url" value="https://adoptium.net/"/><property name="sun.boot.library.path" value="/Users/srivatsakamballa/.sdkman/candidates/java/21.0.4-tem/lib"/><property name="sun.java.command" value="/opt/homebrew/Cellar/sbt/1.10.1/libexec/bin/sbt-launch.jar clean compile test"/><property name="jdk.debug" value="release"/><property name="java.specification.vendor" value="Oracle Corporation"/><property name="java.version.date" value="2024-07-16"/><property name="java.home" value="/Users/srivatsakamballa/.sdkman/candidates/java/21.0.4-tem"/><property name="file.separator" value="/"/><property name="java.vm.compressedOopsMode" value="Zero based"/><property name="line.separator" value="
"/><property name="java.vm.specification.vendor" value="Oracle Corporation"/><property name="java.specification.name" value="Java Platform API Specification"/><property name="sun.management.compiler" value="HotSpot 64-Bit Tiered Compilers"/><property name="java.runtime.version" value="21.0.4+7-LTS"/><property name="user.name" value="srivatsakamballa"/><property name="log4j.ignoreTCL" value="true"/><property name="file.encoding" value="UTF-8"/><property name="java.vendor.version" value="Temurin-21.0.4+7"/><property name="java.io.tmpdir" value="/var/folders/dr/0bywt9ws6ks2zd7gnv2bhpnh0000gn/T/"/><property name="java.version" value="21.0.4"/><property name="java.vm.specification.name" value="Java Virtual Machine Specification"/><property name="native.encoding" value="UTF-8"/><property name="java.library.path" value="/Users/srivatsakamballa/Library/Java/Extensions:/Library/Java/Extensions:/Network/Library/Java/Extensions:/System/Library/Java/Extensions:/usr/lib/java:."/><property name="stderr.encoding" value="UTF-8"/><property name="java.vendor" value="Eclipse Adoptium"/><property name="scala.ext.dirs" value="/Users/srivatsakamballa/.sbt/1.0/java9-rt-ext-eclipse_adoptium_21_0_4"/><property name="sun.io.unicode.encoding" value="UnicodeBig"/><property name="socksNonProxyHosts" value="local|*.local|169.254/16|*.169.254/16"/><property name="java.class.path" value="/opt/homebrew/Cellar/sbt/1.10.1/libexec/bin/sbt-launch.jar"/><property name="java.vm.vendor" value="Eclipse Adoptium"/><property name="jline.shutdownhook" value="false"/><property name="user.timezone" value="America/Chicago"/><property name="java.vm.specification.version" value="21"/><property name="os.name" value="Mac OS X"/><property name="sun.java.launcher" value="SUN_STANDARD"/><property name="user.country" value="US"/><property name="http.nonProxyHosts" value="local|*.local|169.254/16|*.169.254/16"/><property name="sun.cpu.endian" value="little"/><property name="user.home" value="/Users/srivatsakamballa"/><property name="user.language" value="en"/><property name="sbt.script" value="/opt/homebrew/Cellar/sbt/1.10.1/libexec/bin/sbt"/><property name="sbt.ipcsocket.tmpdir" value="/var/folders/dr/0bywt9ws6ks2zd7gnv2bhpnh0000gn/T/.sbtd9b1fa40/ipcsocket"/><property name="swoval.tmpdir" value="/var/folders/dr/0bywt9ws6ks2zd7gnv2bhpnh0000gn/T/.sbtd9b1fa40/swoval"/><property name="apple.awt.application.name" value="Boot"/><property name="jline.esc.timeout" value="0"/><property name="ftp.nonProxyHosts" value="local|*.local|169.254/16|*.169.254/16"/><property name="stdout.encoding" value="UTF-8"/><property name="path.separator" value=":"/><property name="os.version" value="15.0.1"/><property name="jna.nosys" value="true"/><property name="java.runtime.name" value="OpenJDK Runtime Environment"/><property name="java.vm.name" value="OpenJDK 64-Bit Server VM"/><property name="java.vendor.url.bug" value="https://github.com/adoptium/adoptium-support/issues"/><property name="user.dir" value="/Users/srivatsakamballa/Desktop/FALL24/PLD-FALL24/WuzzyFuzzz-03"/><property name="os.arch" value="aarch64"/><property name="java.vm.info" value="mixed mode"/><property name="java.vm.version" value="21.0.4+7-LTS"/><property name="java.class.version" value="65.0"/>
    </properties>
          <testcase classname="wuzzyfuzz.WuzzyFuzzTests" name="My WuzzyFuzz Language for Homework 1, Homework 2, and Homework 3 should perform fuzzy union correctly" time="0.015">
                      
                    </testcase><testcase classname="wuzzyfuzz.WuzzyFuzzTests" name="My WuzzyFuzz Language for Homework 1, Homework 2, and Homework 3 should perform fuzzy intersection correctly" time="0.0">
                      
                    </testcase><testcase classname="wuzzyfuzz.WuzzyFuzzTests" name="My WuzzyFuzz Language for Homework 1, Homework 2, and Homework 3 should perform fuzzy complement correctly" time="0.001">
                      
                    </testcase><testcase classname="wuzzyfuzz.WuzzyFuzzTests" name="My WuzzyFuzz Language for Homework 1, Homework 2, and Homework 3 should perform fuzzy addition correctly" time="0.0">
                      
                    </testcase><testcase classname="wuzzyfuzz.WuzzyFuzzTests" name="My WuzzyFuzz Language for Homework 1, Homework 2, and Homework 3 should perform fuzzy multiplication correctly" time="0.0">
                      
                    </testcase><testcase classname="wuzzyfuzz.WuzzyFuzzTests" name="My WuzzyFuzz Language for Homework 1, Homework 2, and Homework 3 should perform fuzzy XOR correctly" time="0.001">
                      
                    </testcase><testcase classname="wuzzyfuzz.WuzzyFuzzTests" name="My WuzzyFuzz Language for Homework 1, Homework 2, and Homework 3 should perform alpha cut correctly" time="0.001">
                      
                    </testcase><testcase classname="wuzzyfuzz.WuzzyFuzzTests" name="My WuzzyFuzz Language for Homework 1, Homework 2, and Homework 3 should instantiate classes and inherit variables correctly" time="0.004">
                      
                    </testcase><testcase classname="wuzzyfuzz.WuzzyFuzzTests" name="My WuzzyFuzz Language for Homework 1, Homework 2, and Homework 3 should invoke methods and return the correct values from the derived class" time="0.002">
                      
                    </testcase><testcase classname="wuzzyfuzz.WuzzyFuzzTests" name="My WuzzyFuzz Language for Homework 1, Homework 2, and Homework 3 should correctly resolve variables in nested and outer classes" time="0.001">
                      
                    </testcase><testcase classname="wuzzyfuzz.WuzzyFuzzTests" name="My WuzzyFuzz Language for Homework 1, Homework 2, and Homework 3 should invoke methods in nested classes correctly" time="0.0">
                      
                    </testcase><testcase classname="wuzzyfuzz.WuzzyFuzzTests" name="My WuzzyFuzz Language for Homework 1, Homework 2, and Homework 3 should apply fuzzy gates with scoped variables" time="0.002">
                      
                    </testcase><testcase classname="wuzzyfuzz.WuzzyFuzzTests" name="My WuzzyFuzz Language for Homework 1, Homework 2, and Homework 3 should dynamically dispatch methods from derived class and resolve superclass method if not found in derived class" time="0.001">
                      
                    </testcase><testcase classname="wuzzyfuzz.WuzzyFuzzTests" name="My WuzzyFuzz Language for Homework 1, Homework 2, and Homework 3 should apply alpha cut to method results" time="0.0">
                      
                    </testcase><testcase classname="wuzzyfuzz.WuzzyFuzzTests" name="My WuzzyFuzz Language for Homework 1, Homework 2, and Homework 3 should partially evaluate Union gate correctly" time="0.0">
                      
                    </testcase><testcase classname="wuzzyfuzz.WuzzyFuzzTests" name="My WuzzyFuzz Language for Homework 1, Homework 2, and Homework 3 should partially evaluate Intersection gate correctly" time="0.0">
                      
                    </testcase><testcase classname="wuzzyfuzz.WuzzyFuzzTests" name="My WuzzyFuzz Language for Homework 1, Homework 2, and Homework 3 should partially evaluate Complement gate correctly" time="0.0">
                      
                    </testcase><testcase classname="wuzzyfuzz.WuzzyFuzzTests" name="My WuzzyFuzz Language for Homework 1, Homework 2, and Homework 3 should partially evaluate Addition gate correctly" time="0.0">
                      
                    </testcase><testcase classname="wuzzyfuzz.WuzzyFuzzTests" name="My WuzzyFuzz Language for Homework 1, Homework 2, and Homework 3 should partially evaluate Multiplication gate correctly" time="0.0">
                      
                    </testcase><testcase classname="wuzzyfuzz.WuzzyFuzzTests" name="My WuzzyFuzz Language for Homework 1, Homework 2, and Homework 3 should partially evaluate XOR gate correctly" time="0.0">
                      
                    </testcase><testcase classname="wuzzyfuzz.WuzzyFuzzTests" name="My WuzzyFuzz Language for Homework 1, Homework 2, and Homework 3 should partially evaluate expressions" time="0.002">
                      
                    </testcase><testcase classname="wuzzyfuzz.WuzzyFuzzTests" name="My WuzzyFuzz Language for Homework 1, Homework 2, and Homework 3 should partially evaluate complex expressions" time="0.0">
                      
                    </testcase><testcase classname="wuzzyfuzz.WuzzyFuzzTests" name="My WuzzyFuzz Language for Homework 1, Homework 2, and Homework 3 should fully evaluate expressions when all variables are defined in scope" time="0.001">
                      
                    </testcase><testcase classname="wuzzyfuzz.WuzzyFuzzTests" name="My WuzzyFuzz Language for Homework 1, Homework 2, and Homework 3 should resolve and evaluate fuzzy gates when fully defined" time="0.0">
                      
                    </testcase><testcase classname="wuzzyfuzz.WuzzyFuzzTests" name="My WuzzyFuzz Language for Homework 1, Homework 2, and Homework 3 should evaluate conditional constructs with THEN and ELSE branches" time="0.004">
                      
                    </testcase><testcase classname="wuzzyfuzz.WuzzyFuzzTests" name="My WuzzyFuzz Language for Homework 1, Homework 2, and Homework 3 should partially evaluate conditional constructs" time="0.001">
                      
                    </testcase><testcase classname="wuzzyfuzz.WuzzyFuzzTests" name="My WuzzyFuzz Language for Homework 1, Homework 2, and Homework 3 should test partial evaluation for gates with unresolved inputs" time="0.0">
                      
                    </testcase><testcase classname="wuzzyfuzz.WuzzyFuzzTests" name="My WuzzyFuzz Language for Homework 1, Homework 2, and Homework 3 should handle advanced partial evaluation with simplified nested expressions" time="0.0">
                      
                    </testcase><testcase classname="wuzzyfuzz.WuzzyFuzzTests" name="My WuzzyFuzz Language for Homework 1, Homework 2, and Homework 3 should test fuzzy gate evaluation within a scope" time="0.001">
                      
                    </testcase><testcase classname="wuzzyfuzz.WuzzyFuzzTests" name="My WuzzyFuzz Language for Homework 1, Homework 2, and Homework 3 should partially evaluate conditional expressions when variables are undefined" time="0.001">
                      
                    </testcase>
          <system-out><![CDATA[]]></system-out>
          <system-err><![CDATA[]]></system-err>
        </testsuite>